<?xml version="1.0" encoding="UTF-8"?>
<!-- Generated by org.testng.reporters.JUnitReportReporter -->
<testsuite hostname="DESKTOP-8GQ3KA3" failures="0" tests="2" name="runner.TestNGRunner" time="72.690" errors="0" timestamp="2023-03-22T09:36:17 IST" skipped="0">
  <testcase classname="runner.TestNGRunner" name="runScenario" time="35.125"/>
  <system-out/>
  <testcase classname="runner.TestNGRunner" name="runScenario" time="37.565"/>
  <system-out/>
</testsuite> <!-- runner.TestNGRunner -->
